#-----------------------------------------------------------
# Vivado v2022.2 (64-bit)
# SW Build 3671981 on Fri Oct 14 05:00:03 MDT 2022
# IP Build 3669848 on Fri Oct 14 08:30:02 MDT 2022
# Start of session at: Wed Jun 25 10:14:12 2025
# Process ID: 13252
# Current directory: C:/esvhdl/nipponquestV3/nipponquestV1-20250319T175825Z-001/nipponquestV1/nipponquest
# Command line: vivado.exe -gui_launcher_event rodinguilauncherevent22296 C:\esvhdl\nipponquestV3\nipponquestV1-20250319T175825Z-001\nipponquestV1\nipponquest\nipponquest.xpr
# Log file: C:/esvhdl/nipponquestV3/nipponquestV1-20250319T175825Z-001/nipponquestV1/nipponquest/vivado.log
# Journal file: C:/esvhdl/nipponquestV3/nipponquestV1-20250319T175825Z-001/nipponquestV1/nipponquest\vivado.jou
# Running On: DallaVilla, OS: Windows, CPU Frequency: 2803 MHz, CPU Physical cores: 4, Host memory: 16948 MB
#-----------------------------------------------------------
start_gui
open_project C:/esvhdl/nipponquestV3/nipponquestV1-20250319T175825Z-001/nipponquestV1/nipponquest/nipponquest.xpr
INFO: [ProjectBase 1-489] The host OS only allows 260 characters in a normal path. The project is stored in a path with more than 80 characters. If you experience issues with IP, Block Designs, or files not being found, please consider moving the project to a location with a shorter path. Alternately consider using the OS subst command to map part of the path to a drive letter.
Current project path is 'C:/esvhdl/nipponquestV3/nipponquestV1-20250319T175825Z-001/nipponquestV1/nipponquest'
WARNING: [Board 49-26] cannot add Board Part xilinx.com:vck190:part0:2.2 available at C:/Xilinx/Vivado/2022.2/data/xhub/boards/XilinxBoardStore/boards/Xilinx/vck190/production/2.2/board.xml as part xcvc1902-vsva2197-2mp-e-s specified in board_part file is either invalid or not available
WARNING: [Board 49-26] cannot add Board Part xilinx.com:vck190:part0:3.0 available at C:/Xilinx/Vivado/2022.2/data/xhub/boards/XilinxBoardStore/boards/Xilinx/vck190/production/3.0/board.xml as part xcvc1902-vsva2197-2mp-e-s specified in board_part file is either invalid or not available
WARNING: [Board 49-26] cannot add Board Part xilinx.com:vck190:part0:3.1 available at C:/Xilinx/Vivado/2022.2/data/xhub/boards/XilinxBoardStore/boards/Xilinx/vck190/production/3.1/board.xml as part xcvc1902-vsva2197-2mp-e-s specified in board_part file is either invalid or not available
WARNING: [Board 49-26] cannot add Board Part xilinx.com:vck190_newl:part0:1.0 available at C:/Xilinx/Vivado/2022.2/data/xhub/boards/XilinxBoardStore/boards/Xilinx/vck190_newl/production/1.0/board.xml as part xcvc1902-vsva2197-2mp-e-s specified in board_part file is either invalid or not available
WARNING: [Board 49-26] cannot add Board Part xilinx.com:vek280_es:part0:1.0 available at C:/Xilinx/Vivado/2022.2/data/xhub/boards/XilinxBoardStore/boards/Xilinx/vek280/es/1.0/board.xml as part xcve2802-vsvh1760-2lp-e-s-es1 specified in board_part file is either invalid or not available
WARNING: [Board 49-26] cannot add Board Part xilinx.com:vhk158_es:part0:1.0 available at C:/Xilinx/Vivado/2022.2/data/xhub/boards/XilinxBoardStore/boards/Xilinx/vhk158/es/1.0/board.xml as part xcvh1582-vsva3697-2mp-e-s-es1 specified in board_part file is either invalid or not available
WARNING: [Board 49-26] cannot add Board Part xilinx.com:vmk180:part0:2.2 available at C:/Xilinx/Vivado/2022.2/data/xhub/boards/XilinxBoardStore/boards/Xilinx/vmk180/production/2.2/board.xml as part xcvm1802-vsva2197-2mp-e-s specified in board_part file is either invalid or not available
WARNING: [Board 49-26] cannot add Board Part xilinx.com:vmk180:part0:3.0 available at C:/Xilinx/Vivado/2022.2/data/xhub/boards/XilinxBoardStore/boards/Xilinx/vmk180/production/3.0/board.xml as part xcvm1802-vsva2197-2mp-e-s specified in board_part file is either invalid or not available
WARNING: [Board 49-26] cannot add Board Part xilinx.com:vmk180:part0:3.1 available at C:/Xilinx/Vivado/2022.2/data/xhub/boards/XilinxBoardStore/boards/Xilinx/vmk180/production/3.1/board.xml as part xcvm1802-vsva2197-2mp-e-s specified in board_part file is either invalid or not available
WARNING: [Board 49-26] cannot add Board Part xilinx.com:vmk180_newl:part0:1.0 available at C:/Xilinx/Vivado/2022.2/data/xhub/boards/XilinxBoardStore/boards/Xilinx/vmk180_newl/production/1.0/board.xml as part xcvm1802-vsva2197-2mp-e-s specified in board_part file is either invalid or not available
WARNING: [Board 49-26] cannot add Board Part xilinx.com:vpk120:part0:1.0 available at C:/Xilinx/Vivado/2022.2/data/xhub/boards/XilinxBoardStore/boards/Xilinx/vpk120/production/1.0/board.xml as part xcvp1202-vsva2785-2mp-e-s specified in board_part file is either invalid or not available
WARNING: [Board 49-26] cannot add Board Part xilinx.com:vpk120_es:part0:1.2 available at C:/Xilinx/Vivado/2022.2/data/xhub/boards/XilinxBoardStore/boards/Xilinx/vpk120/es/1.2/board.xml as part xcvp1202-vsva2785-2mp-e-s-es1 specified in board_part file is either invalid or not available
WARNING: [Board 49-26] cannot add Board Part xilinx.com:vpk120_es_revb:part0:1.0 available at C:/Xilinx/Vivado/2022.2/data/xhub/boards/XilinxBoardStore/boards/Xilinx/vpk120_revb/es/1.0/board.xml as part xcvp1202-vsva2785-2mp-e-s-es1 specified in board_part file is either invalid or not available
WARNING: [Board 49-26] cannot add Board Part xilinx.com:vpk180_es:part0:1.0 available at C:/Xilinx/Vivado/2022.2/data/xhub/boards/XilinxBoardStore/boards/Xilinx/vpk180/es/1.0/board.xml as part xcvp1802-lsvc4072-2mp-e-s-es1 specified in board_part file is either invalid or not available
WARNING: [Board 49-26] cannot add Board Part xilinx.com:zcu208ld:part0:2.0 available at C:/Xilinx/Vivado/2022.2/data/xhub/boards/XilinxBoardStore/boards/Xilinx/zcu208ld/production/2.0/board.xml as part xczu58dr-fsvg1517-2-i specified in board_part file is either invalid or not available
WARNING: [Board 49-26] cannot add Board Part xilinx.com:zcu216ld:part0:2.0 available at C:/Xilinx/Vivado/2022.2/data/xhub/boards/XilinxBoardStore/boards/Xilinx/zcu216ld/production/2.0/board.xml as part xczu59dr-ffvf1760-2-i specified in board_part file is either invalid or not available
WARNING: [Board 49-26] cannot add Board Part xilinx.com:zcu670:part0:2.0 available at C:/Xilinx/Vivado/2022.2/data/xhub/boards/XilinxBoardStore/boards/Xilinx/zcu670/2.0/board.xml as part xczu67dr-fsve1156-2-i specified in board_part file is either invalid or not available
WARNING: [Board 49-26] cannot add Board Part xilinx.com:zcu670ld:part0:1.0 available at C:/Xilinx/Vivado/2022.2/data/xhub/boards/XilinxBoardStore/boards/Xilinx/zcu670ld/1.0/board.xml as part xczu57dr-fsve1156-2-i specified in board_part file is either invalid or not available
INFO: [filemgmt 56-3] Default IP Output Path : Could not find the directory 'C:/esvhdl/nipponquestV3/nipponquestV1-20250319T175825Z-001/nipponquestV1/nipponquest/nipponquest.gen/sources_1'.
Scanning sources...
Finished scanning sources
WARNING: [Board 49-151] The current board 'digilentinc.com::nexys-a7-100t:1.2' is from a local repo. The vivado install has a corresponding board with version greater than or equal to the local repo board. Please use boards from vivado install to avoid any upgrade/migrate issues
INFO: [IP_Flow 19-234] Refreshing IP repositories
INFO: [IP_Flow 19-1704] No user IP repositories specified
INFO: [IP_Flow 19-2313] Loaded Vivado IP repository 'C:/Xilinx/Vivado/2022.2/data/ip'.
open_project: Time (s): cpu = 00:00:27 ; elapsed = 00:00:11 . Memory (MB): peak = 1215.949 ; gain = 405.227
update_compile_order -fileset sources_1
create_bd_design "design_1"
Wrote  : <C:\esvhdl\nipponquestV3\nipponquestV1-20250319T175825Z-001\nipponquestV1\nipponquest\nipponquest.srcs\sources_1\bd\design_1\design_1.bd> 
create_bd_design: Time (s): cpu = 00:00:10 ; elapsed = 00:00:12 . Memory (MB): peak = 1281.957 ; gain = 34.797
update_compile_order -fileset sources_1
startgroup
create_bd_cell -type ip -vlnv xilinx.com:ip:audio_clock_recovery_unit:1.0 audio_clock_recovery_0
endgroup
startgroup
create_bd_cell -type ip -vlnv xilinx.com:ip:audio_formatter:1.0 audio_formatter_0
endgroup
open_run synth_1 -name synth_1
Design is defaulting to impl run constrset: constrs_1
Design is defaulting to synth run part: xc7a100tcsg324-1
INFO: [Device 21-403] Loading part xc7a100tcsg324-1
Netlist sorting complete. Time (s): cpu = 00:00:00 ; elapsed = 00:00:00.036 . Memory (MB): peak = 1783.785 ; gain = 0.000
INFO: [Netlist 29-17] Analyzing 795 Unisim elements for replacement
INFO: [Netlist 29-28] Unisim Transformation completed in 1 CPU seconds
INFO: [Project 1-479] Netlist was created with Vivado 2022.2
INFO: [Project 1-570] Preparing netlist for logic optimization
Parsing XDC File [C:/esvhdl/nipponquestV3/nipponquestV1-20250319T175825Z-001/nipponquestV1/nipponquest/nipponquest.srcs/constrs_1/new/nipponcons.xdc]
Finished Parsing XDC File [C:/esvhdl/nipponquestV3/nipponquestV1-20250319T175825Z-001/nipponquestV1/nipponquest/nipponquest.srcs/constrs_1/new/nipponcons.xdc]
INFO: [Opt 31-138] Pushed 0 inverter(s) to 0 load pin(s).
Netlist sorting complete. Time (s): cpu = 00:00:00 ; elapsed = 00:00:00 . Memory (MB): peak = 1907.465 ; gain = 0.000
INFO: [Project 1-111] Unisim Transformation Summary:
No Unisim elements were transformed.

open_run: Time (s): cpu = 00:00:17 ; elapsed = 00:00:14 . Memory (MB): peak = 2034.117 ; gain = 613.801
INFO: [IP_Flow 19-1839] IP Catalog is up to date.
INFO: [IP_Flow 19-1839] IP Catalog is up to date.
INFO: [IP_Flow 19-1839] IP Catalog is up to date.
INFO: [IP_Flow 19-1839] IP Catalog is up to date.
INFO: [IP_Flow 19-1839] IP Catalog is up to date.
INFO: [IP_Flow 19-1839] IP Catalog is up to date.
INFO: [IP_Flow 19-1839] IP Catalog is up to date.
INFO: [IP_Flow 19-1839] IP Catalog is up to date.
INFO: [IP_Flow 19-1839] IP Catalog is up to date.
INFO: [IP_Flow 19-1839] IP Catalog is up to date.
INFO: [IP_Flow 19-1839] IP Catalog is up to date.
INFO: [IP_Flow 19-1839] IP Catalog is up to date.
INFO: [IP_Flow 19-1839] IP Catalog is up to date.
INFO: [IP_Flow 19-1839] IP Catalog is up to date.
INFO: [IP_Flow 19-1839] IP Catalog is up to date.
INFO: [IP_Flow 19-1839] IP Catalog is up to date.
INFO: [IP_Flow 19-1839] IP Catalog is up to date.
save_bd_design
Wrote  : <C:\esvhdl\nipponquestV3\nipponquestV1-20250319T175825Z-001\nipponquestV1\nipponquest\nipponquest.srcs\sources_1\bd\design_1\design_1.bd> 
Wrote  : <C:/esvhdl/nipponquestV3/nipponquestV1-20250319T175825Z-001/nipponquestV1/nipponquest/nipponquest.srcs/sources_1/bd/design_1/ui/bd_1f5defd0.ui> 
open_run impl_1
Netlist sorting complete. Time (s): cpu = 00:00:00 ; elapsed = 00:00:00.018 . Memory (MB): peak = 2504.602 ; gain = 0.000
INFO: [Netlist 29-17] Analyzing 795 Unisim elements for replacement
INFO: [Netlist 29-28] Unisim Transformation completed in 0 CPU seconds
INFO: [Project 1-479] Netlist was created with Vivado 2022.2
INFO: [Project 1-570] Preparing netlist for logic optimization
INFO: [Timing 38-478] Restoring timing data from binary archive.
INFO: [Timing 38-479] Binary timing data restore complete.
INFO: [Project 1-856] Restoring constraints from binary archive.
INFO: [Project 1-853] Binary constraint restore complete.
Reading XDEF placement.
Reading placer database...
Reading XDEF routing.
Read XDEF Files: Time (s): cpu = 00:00:00 ; elapsed = 00:00:00.384 . Memory (MB): peak = 2650.652 ; gain = 0.000
Restored from archive | CPU: 0.000000 secs | Memory: 0.000000 MB |
Finished XDEF File Restore: Time (s): cpu = 00:00:00 ; elapsed = 00:00:00.385 . Memory (MB): peak = 2650.652 ; gain = 0.000
Netlist sorting complete. Time (s): cpu = 00:00:00 ; elapsed = 00:00:00.002 . Memory (MB): peak = 2650.652 ; gain = 0.000
INFO: [Project 1-111] Unisim Transformation Summary:
No Unisim elements were transformed.

CRITICAL WARNING: [Timing 38-282] The design failed to meet the timing requirements. Please see the timing summary report for details on the timing violations.
generate_target all [get_files  C:/esvhdl/nipponquestV3/nipponquestV1-20250319T175825Z-001/nipponquestV1/nipponquest/nipponquest.srcs/sources_1/bd/design_1/design_1.bd]
WARNING: [BD 41-2670] Found an incomplete address path from address space '/audio_formatter_0/m_axi_mm2s' to master interface '/audio_formatter_0/m_axi_mm2s'. Please either complete or remove this path to resolve.
WARNING: [BD 41-2670] Found an incomplete address path from address space '/audio_formatter_0/m_axi_s2mm' to master interface '/audio_formatter_0/m_axi_s2mm'. Please either complete or remove this path to resolve.
ERROR: [BD 41-758] The following clock pins are not connected to a valid clock source: 
/audio_clock_recovery_0/s_axi_ctrl_aclk
/audio_clock_recovery_0/ref_clk
/audio_clock_recovery_0/acr_clk
/audio_clock_recovery_0/aud_mclk
/audio_formatter_0/s_axi_lite_aclk
/audio_formatter_0/m_axis_mm2s_aclk
/audio_formatter_0/aud_mclk
/audio_formatter_0/s_axis_s2mm_aclk

ERROR: [BD 41-1031] Hdl Generation failed for the IP Integrator design C:/esvhdl/nipponquestV3/nipponquestV1-20250319T175825Z-001/nipponquestV1/nipponquest/nipponquest.srcs/sources_1/bd/design_1/design_1.bd 
ERROR: [Common 17-39] 'generate_target' failed due to earlier errors.
current_design synth_1
synth_design -rtl -rtl_skip_mlo -name rtl_1
Command: synth_design -rtl -rtl_skip_mlo -name rtl_1
Starting synth_design
Using part: xc7a100tcsg324-1
Top: game
INFO: [Synth 8-11241] undeclared symbol 'REGCCE', assumed default net type 'wire' [C:/Xilinx/Vivado/2022.2/data/verilog/src/unimacro/BRAM_SINGLE_MACRO.v:2170]
---------------------------------------------------------------------------------
Starting RTL Elaboration : Time (s): cpu = 00:00:08 ; elapsed = 00:00:06 . Memory (MB): peak = 3121.676 ; gain = 364.332
---------------------------------------------------------------------------------
INFO: [Synth 8-638] synthesizing module 'game' [C:/esvhdl/nipponquestV3/nipponquestV1-20250319T175825Z-001/nipponquestV1/nipponquest/nipponquest.srcs/sources_1/new/game.vhd:61]
INFO: [Synth 8-638] synthesizing module 'vga' [C:/esvhdl/nipponquestV3/nipponquestV1-20250319T175825Z-001/nipponquestV1/nipponquest/nipponquest.srcs/sources_1/new/vga.vhd:54]
INFO: [Synth 8-256] done synthesizing module 'vga' (0#1) [C:/esvhdl/nipponquestV3/nipponquestV1-20250319T175825Z-001/nipponquestV1/nipponquest/nipponquest.srcs/sources_1/new/vga.vhd:54]
INFO: [Synth 8-638] synthesizing module 'pdm_top' [C:/esvhdl/nipponquestV3/nipponquestV1-20250319T175825Z-001/nipponquestV1/nipponquest/nipponquest.srcs/sources_1/new/pdm_top.vhd:23]
INFO: [Synth 8-638] synthesizing module 'pdm_inputs' [C:/esvhdl/nipponquestV3/nipponquestV1-20250319T175825Z-001/nipponquestV1/nipponquest/nipponquest.srcs/sources_1/new/pdm_inputs.vhd:23]
INFO: [Synth 8-256] done synthesizing module 'pdm_inputs' (0#1) [C:/esvhdl/nipponquestV3/nipponquestV1-20250319T175825Z-001/nipponquestV1/nipponquest/nipponquest.srcs/sources_1/new/pdm_inputs.vhd:23]
INFO: [Synth 8-256] done synthesizing module 'pdm_top' (0#1) [C:/esvhdl/nipponquestV3/nipponquestV1-20250319T175825Z-001/nipponquestV1/nipponquest/nipponquest.srcs/sources_1/new/pdm_top.vhd:23]
INFO: [Synth 8-638] synthesizing module 'SevSeg_4digit' [C:/esvhdl/nipponquestV3/nipponquestV1-20250319T175825Z-001/nipponquestV1/nipponquest/nipponquest.srcs/sources_1/new/sevseg_4digit.vhd:15]
INFO: [Synth 8-226] default block is never used [C:/esvhdl/nipponquestV3/nipponquestV1-20250319T175825Z-001/nipponquestV1/nipponquest/nipponquest.srcs/sources_1/new/sevseg_4digit.vhd:44]
WARNING: [Synth 8-614] signal 'in0' is read in the process but is not in the sensitivity list [C:/esvhdl/nipponquestV3/nipponquestV1-20250319T175825Z-001/nipponquestV1/nipponquest/nipponquest.srcs/sources_1/new/sevseg_4digit.vhd:39]
WARNING: [Synth 8-614] signal 'in1' is read in the process but is not in the sensitivity list [C:/esvhdl/nipponquestV3/nipponquestV1-20250319T175825Z-001/nipponquestV1/nipponquest/nipponquest.srcs/sources_1/new/sevseg_4digit.vhd:39]
WARNING: [Synth 8-614] signal 'in2' is read in the process but is not in the sensitivity list [C:/esvhdl/nipponquestV3/nipponquestV1-20250319T175825Z-001/nipponquestV1/nipponquest/nipponquest.srcs/sources_1/new/sevseg_4digit.vhd:39]
WARNING: [Synth 8-614] signal 'in3' is read in the process but is not in the sensitivity list [C:/esvhdl/nipponquestV3/nipponquestV1-20250319T175825Z-001/nipponquestV1/nipponquest/nipponquest.srcs/sources_1/new/sevseg_4digit.vhd:39]
INFO: [Synth 8-256] done synthesizing module 'SevSeg_4digit' (0#1) [C:/esvhdl/nipponquestV3/nipponquestV1-20250319T175825Z-001/nipponquestV1/nipponquest/nipponquest.srcs/sources_1/new/sevseg_4digit.vhd:15]
INFO: [Synth 8-256] done synthesizing module 'game' (0#1) [C:/esvhdl/nipponquestV3/nipponquestV1-20250319T175825Z-001/nipponquestV1/nipponquest/nipponquest.srcs/sources_1/new/game.vhd:61]
WARNING: [Synth 8-6014] Unused sequential element light_count_reg was removed.  [C:/esvhdl/nipponquestV3/nipponquestV1-20250319T175825Z-001/nipponquestV1/nipponquest/nipponquest.srcs/sources_1/new/pdm_top.vhd:59]
WARNING: [Synth 8-6014] Unused sequential element G_reg was removed.  [C:/esvhdl/nipponquestV3/nipponquestV1-20250319T175825Z-001/nipponquestV1/nipponquest/nipponquest.srcs/sources_1/new/pdm_top.vhd:68]
WARNING: [Synth 8-6014] Unused sequential element btn_cnt_reg was removed.  [C:/esvhdl/nipponquestV3/nipponquestV1-20250319T175825Z-001/nipponquestV1/nipponquest/nipponquest.srcs/sources_1/new/game.vhd:2475]
WARNING: [Synth 8-6014] Unused sequential element moveUp_reg was removed.  [C:/esvhdl/nipponquestV3/nipponquestV1-20250319T175825Z-001/nipponquestV1/nipponquest/nipponquest.srcs/sources_1/new/game.vhd:2477]
WARNING: [Synth 8-6014] Unused sequential element move_reg was removed.  [C:/esvhdl/nipponquestV3/nipponquestV1-20250319T175825Z-001/nipponquestV1/nipponquest/nipponquest.srcs/sources_1/new/game.vhd:2478]
---------------------------------------------------------------------------------
Finished RTL Elaboration : Time (s): cpu = 00:00:10 ; elapsed = 00:00:09 . Memory (MB): peak = 3229.266 ; gain = 471.922
---------------------------------------------------------------------------------
---------------------------------------------------------------------------------
Start Handling Custom Attributes
---------------------------------------------------------------------------------
---------------------------------------------------------------------------------
Finished Handling Custom Attributes : Time (s): cpu = 00:00:10 ; elapsed = 00:00:09 . Memory (MB): peak = 3247.191 ; gain = 489.848
---------------------------------------------------------------------------------
---------------------------------------------------------------------------------
Finished RTL Optimization Phase 1 : Time (s): cpu = 00:00:10 ; elapsed = 00:00:09 . Memory (MB): peak = 3247.191 ; gain = 489.848
---------------------------------------------------------------------------------
Netlist sorting complete. Time (s): cpu = 00:00:00 ; elapsed = 00:00:00.016 . Memory (MB): peak = 3247.191 ; gain = 0.000
INFO: [Project 1-570] Preparing netlist for logic optimization

Processing XDC Constraints
Initializing timing engine
Parsing XDC File [C:/esvhdl/nipponquestV3/nipponquestV1-20250319T175825Z-001/nipponquestV1/nipponquest/nipponquest.srcs/constrs_1/new/nipponcons.xdc]
Finished Parsing XDC File [C:/esvhdl/nipponquestV3/nipponquestV1-20250319T175825Z-001/nipponquestV1/nipponquest/nipponquest.srcs/constrs_1/new/nipponcons.xdc]
Completed Processing XDC Constraints

Netlist sorting complete. Time (s): cpu = 00:00:00 ; elapsed = 00:00:00 . Memory (MB): peak = 3359.875 ; gain = 0.000
INFO: [Project 1-111] Unisim Transformation Summary:
No Unisim elements were transformed.

RTL Elaboration Complete:  : Time (s): cpu = 00:00:16 ; elapsed = 00:00:13 . Memory (MB): peak = 3362.977 ; gain = 605.633
14 Infos, 9 Warnings, 0 Critical Warnings and 0 Errors encountered.
synth_design completed successfully
synth_design: Time (s): cpu = 00:00:16 ; elapsed = 00:00:13 . Memory (MB): peak = 3362.977 ; gain = 605.633
reset_run impl_1 -prev_step 
launch_runs impl_1 -to_step write_bitstream
[Wed Jun 25 10:59:00 2025] Launched impl_1...
Run output will be captured here: C:/esvhdl/nipponquestV3/nipponquestV1-20250319T175825Z-001/nipponquestV1/nipponquest/nipponquest.runs/impl_1/runme.log
reset_run impl_1 -prev_step 
launch_runs impl_1 -to_step write_bitstream
[Wed Jun 25 11:00:43 2025] Launched impl_1...
Run output will be captured here: C:/esvhdl/nipponquestV3/nipponquestV1-20250319T175825Z-001/nipponquestV1/nipponquest/nipponquest.runs/impl_1/runme.log
current_design impl_1
report_utilization -name utilization_1
exit
INFO: [Common 17-206] Exiting Vivado at Wed Jun 25 11:33:46 2025...
